{"D:\\WebApps\\PHP\\DDEV\\jimmychen.ddev.site\\lumaa\\lumaa-frontend\\src\\components\\Example.tsx": {"path":"D:\\WebApps\\PHP\\DDEV\\jimmychen.ddev.site\\lumaa\\lumaa-frontend\\src\\components\\Example.tsx","statementMap":{"0":{"start":{"line":3,"column":16},"end":{"line":5,"column":1}},"1":{"start":{"line":4,"column":2},"end":{"line":4,"column":34}}},"fnMap":{"0":{"name":"(anonymous_0)","decl":{"start":{"line":3,"column":16},"end":{"line":3,"column":17}},"loc":{"start":{"line":3,"column":22},"end":{"line":5,"column":1}},"line":3}},"branchMap":{},"s":{"0":1,"1":1},"f":{"0":1},"b":{},"_coverageSchema":"1a1c01bbd47fc00a2c39e90264f33305004495a9","hash":"96dfd2493f11ebbcf1de7aa9dcb01ccadadd10b0"}
}
